
📊 --- STEP 2: LOG COLLECTION (SEED 1) --- 📊

🔹 MODEL CHECK
Len(Q-Table): 968962
Sample 1: ((1, 1, 0, 0, 0, 1, 0, -1, 2, 2, 2, 0), 3) -> 1.9016090826526708
Sample 2: ((-4, -1, 0, 0, 0, 0, 1, -1, -2, -2, 2, 1), 1) -> -0.0825
Sample 3: ((1, 0, 0, 0, 0, 0, 0, 3, 2, 2, 2, 0), 1) -> 9.001498476005104
Sample 4: ((-4, -1, 0, 0, 1, 0, 1, 1, -2, -2, 2, 1), 1) -> -1.4290045331249996
Sample 5: ((0, 0, 0, 0, 0, 0, 0, 1, 2, 2, 2, 0), 5) -> -3.87804375

🔹 ENV CHECK
Task Target: Easy (8x8 grid)
Grid Size: 8
Max Energy (Task): 100
Hardcoded Environment Step Limit: 80 (Found in environment.py line 158)

🔹 TRAINING LOG (Last 5 Steps of a delivery episode)
Step 76 | State: (4, -2, 0, 0, 0, 0, 1, 3, 2, -2, 2, 1) | Act: 0 | Rew: -0.55 | TotalDeliv: 0
Step 77 | State: (4, -2, 0, 1, 0, 0, 1, 0, 2, -2, 2, 1) | Act: 4 | Rew: -10.05 | TotalDeliv: 0
Step 78 | State: (4, -2, 0, 1, 0, 0, 1, 4, 2, -2, 2, 1) | Act: 2 | Rew: 0.15 | TotalDeliv: 0
Step 79 | State: (4, -1, 0, 1, 0, 0, 0, 2, 2, -2, 2, 1) | Act: 0 | Rew: -5.35 | TotalDeliv: 0
Step 80 | State: (4, -1, 0, 1, 0, 0, 0, 0, 1, -2, 2, 1) | Act: 0 | Rew: -5.05 | TotalDeliv: 0

🔹 BENCHMARK LOG (First 10 Steps)
Step 1 | S0: (4, 1, 0, 0, 0, 0, 1, -1, 2, 2, 2, 2) | S1: (2, 0, 0, 0, 0, 0, 0, -1, -2, -2, 2, 1) | Acts: [3, 0] | Q-Vals(S0): [0.0, 0.04831571055968919, 0.0, 0.0, 0.0, 0.0, 0.0] | Deliv: 0 | Done: False
Step 2 | S0: (4, 1, 0, 0, 0, 0, 1, 3, 1, 2, 2, 2) | S1: (3, 0, 0, 0, 0, 0, 0, 0, -1, -2, 2, 1) | Acts: [6, 4] | Q-Vals(S0): [0.0, 0.0, 0.0, 0.0, 0.0, 0.0, 0.0] | Deliv: 0 | Done: False
Step 3 | S0: (4, 1, 0, 0, 0, 0, 1, 6, 1, 2, 2, 2) | S1: (3, 0, 0, 0, 0, 0, 0, 4, -1, -2, 2, 1) | Acts: [0, 2] | Q-Vals(S0): [0.0, 0.0, 0.0, 0.0, 0.0, 0.0, 0.0] | Deliv: 0 | Done: False
Step 4 | S0: (4, 1, 0, 0, 0, 1, 0, 0, 2, 2, 2, 2) | S1: (3, 1, 0, 0, 0, 0, 0, 2, -2, -2, 2, 1) | Acts: [1, 0] | Q-Vals(S0): [-0.0825, 0.083444203125, 0.0, 0.0, 0.0, -1.5044625, 0.0] | Deliv: 0 | Done: False
Step 5 | S0: (4, 1, 0, 0, 0, 0, 1, 1, 0, 2, 2, 2) | S1: (4, 1, 0, 0, 0, 0, 0, 0, 0, -2, 2, 1) | Acts: [0, 5] | Q-Vals(S0): [-0.08005469859375, -0.022499999999999996, 0.0, 0.0, 0.0, 0.0, 0.0] | Deliv: 0 | Done: False
Step 6 | S0: (4, 1, 0, 0, 0, 1, 0, 0, 1, 2, 2, 2) | S1: (4, 1, 0, 0, 0, 0, 0, 5, -1, -2, 2, 1) | Acts: [3, 3] | Q-Vals(S0): [-0.07468603125, 0.0, 0.0, 0.0, 0.0, 0.0, 0.0] | Deliv: 0 | Done: False
Step 7 | S0: (4, 0, 0, 0, 1, 0, 0, 3, 1, 2, 2, 2) | S1: (4, 0, 0, 0, 0, 0, 0, 3, -1, -2, 2, 1) | Acts: [4, 3] | Q-Vals(S0): [0.0, 0.0, 0.0, 0.0, 0.0, 0.0, 0.0] | Deliv: 0 | Done: False
Step 8 | S0: (4, 0, 0, 0, 1, 0, 0, 4, 1, 2, 2, 2) | S1: (4, -1, 0, 0, 0, 0, 0, 3, -1, -2, 2, 1) | Acts: [4, 1] | Q-Vals(S0): [0.0, -0.7575, 0.0, 0.0, 0.0, 0.0, 0.0] | Deliv: 0 | Done: False
Step 9 | S0: (4, 0, 0, 0, 1, 0, 0, 4, 2, 2, 2, 2) | S1: (3, -1, 0, 0, 0, 0, 0, 1, -2, -2, 2, 1) | Acts: [6, 2] | Q-Vals(S0): [-0.06981555226394238, -0.78415523953125, 0.0, -0.0794625, -1.5075, -1.5075, 0.0] | Deliv: 0 | Done: False
Step 10 | S0: (4, 0, 0, 0, 1, 0, 0, 6, 2, 2, 2, 2) | S1: (3, 0, 0, 0, 0, 0, 0, 2, -2, -2, 2, 1) | Acts: [3, 4] | Q-Vals(S0): [-0.1596806044503497, -0.8276737295817963, -0.13856322775432023, -0.13628905891447357, -1.5075, -1.5075, -0.1575] | Deliv: 0 | Done: False
